2019-09-29T16:59:00+00:00 CRITICAL Uncaught ArgumentCountError: Too few arguments to function acumec_set_options_page(), 1 passed in C:\wamp64\www\jpgwebsite\wp-includes\class-wp-hook.php on line 288 and exactly 2 expected in C:\wamp64\www\jpgwebsite\wp-content\themes\acumec\inc\demo-data.php:132
Stack trace:
#0 C:\wamp64\www\jpgwebsite\wp-includes\class-wp-hook.php(288): acumec_set_options_page('demo-acumec')
#1 C:\wamp64\www\jpgwebsite\wp-includes\class-wp-hook.php(310): WP_Hook->apply_filters(NULL, Array)
#2 C:\wamp64\www\jpgwebsite\wp-includes\plugin.php(465): WP_Hook->do_action(Array)
#3 C:\wamp64\www\jpgwebsite\wp-content\plugins\ef3-import-and-export\ef3-import-and-export.php(302): do_action('ef3-import-fini...', 'demo-acumec', 'C:\\wamp64\\www\\j...')
#4 C:\wamp64\www\jpgwebsite\wp-includes\class-wp-hook.php(286): EF3_Import_Export->ajax_inport('')
#5 C:\wamp64\www\jpgwebsite\wp-includes\class-wp-hook.php(310): WP_Hook->apply_filters('', Array)
#6 C:\wamp64\www\jpgwebsite\wp-includes\plugin.php(465): WP_Hook->do_action(Array)
#7 C:\wam dans C:\wamp64\www\jpgwebsite\wp-content\themes\acumec\inc\demo-data.php à la ligne 132

2019-09-29T17:08:29+00:00 CRITICAL Uncaught ArgumentCountError: Too few arguments to function acumec_set_options_page(), 1 passed in C:\wamp64\www\jpgwebsite\wp-includes\class-wp-hook.php on line 288 and exactly 2 expected in C:\wamp64\www\jpgwebsite\wp-content\themes\acumec\inc\demo-data.php:132
Stack trace:
#0 C:\wamp64\www\jpgwebsite\wp-includes\class-wp-hook.php(288): acumec_set_options_page('demo-acumec')
#1 C:\wamp64\www\jpgwebsite\wp-includes\class-wp-hook.php(310): WP_Hook->apply_filters(NULL, Array)
#2 C:\wamp64\www\jpgwebsite\wp-includes\plugin.php(465): WP_Hook->do_action(Array)
#3 C:\wamp64\www\jpgwebsite\wp-content\plugins\ef3-import-and-export\ef3-import-and-export.php(302): do_action('ef3-import-fini...', 'demo-acumec', 'C:\\wamp64\\www\\j...')
#4 C:\wamp64\www\jpgwebsite\wp-includes\class-wp-hook.php(286): EF3_Import_Export->ajax_inport('')
#5 C:\wamp64\www\jpgwebsite\wp-includes\class-wp-hook.php(310): WP_Hook->apply_filters('', Array)
#6 C:\wamp64\www\jpgwebsite\wp-includes\plugin.php(465): WP_Hook->do_action(Array)
#7 C:\wam dans C:\wamp64\www\jpgwebsite\wp-content\themes\acumec\inc\demo-data.php à la ligne 132

2019-09-29T18:32:56+00:00 CRITICAL Uncaught RuntimeException: Error saving action: Unable to save action. in C:\wamp64\www\jpgwebsite\wp-content\plugins\woocommerce\includes\libraries\action-scheduler\classes\ActionScheduler_wpPostStore.php:33
Stack trace:
#0 C:\wamp64\www\jpgwebsite\wp-content\plugins\woocommerce\includes\libraries\action-scheduler\classes\ActionScheduler_ActionFactory.php(109): ActionScheduler_wpPostStore->save_action(Object(ActionScheduler_Action))
#1 C:\wamp64\www\jpgwebsite\wp-content\plugins\woocommerce\includes\libraries\action-scheduler\classes\ActionScheduler_ActionFactory.php(78): ActionScheduler_ActionFactory->store(Object(ActionScheduler_Action))
#2 C:\wamp64\www\jpgwebsite\wp-content\plugins\woocommerce\includes\libraries\action-scheduler\functions.php(33): ActionScheduler_ActionFactory->recurring('wc_admin_unsnoo...', Array, 1569781976, 3600, 'wc-admin-notes')
#3 C:\wamp64\www\jpgwebsite\wp-content\plugins\woocommerce\includes\queue\class-wc-action-queue.php(58): as_schedule_recurring_action(1569781976, 3600, 'wc dans C:\wamp64\www\jpgwebsite\wp-content\plugins\woocommerce\includes\libraries\action-scheduler\classes\ActionScheduler_wpPostStore.php à la ligne 33

2019-09-29T18:50:42+00:00 CRITICAL Uncaught ArgumentCountError: Too few arguments to function acumec_set_options_page(), 1 passed in C:\wamp64\www\jpgwebsite\wp-includes\class-wp-hook.php on line 288 and exactly 2 expected in C:\wamp64\www\jpgwebsite\wp-content\themes\acumec\inc\demo-data.php:132
Stack trace:
#0 C:\wamp64\www\jpgwebsite\wp-includes\class-wp-hook.php(288): acumec_set_options_page('demo-acumec')
#1 C:\wamp64\www\jpgwebsite\wp-includes\class-wp-hook.php(310): WP_Hook->apply_filters(NULL, Array)
#2 C:\wamp64\www\jpgwebsite\wp-includes\plugin.php(465): WP_Hook->do_action(Array)
#3 C:\wamp64\www\jpgwebsite\wp-content\plugins\ef3-import-and-export\ef3-import-and-export.php(302): do_action('ef3-import-fini...', 'demo-acumec', 'C:\\wamp64\\www\\j...')
#4 C:\wamp64\www\jpgwebsite\wp-includes\class-wp-hook.php(286): EF3_Import_Export->ajax_inport('')
#5 C:\wamp64\www\jpgwebsite\wp-includes\class-wp-hook.php(310): WP_Hook->apply_filters('', Array)
#6 C:\wamp64\www\jpgwebsite\wp-includes\plugin.php(465): WP_Hook->do_action(Array)
#7 C:\wam dans C:\wamp64\www\jpgwebsite\wp-content\themes\acumec\inc\demo-data.php à la ligne 132

